This is pdfTeX, Version 3.14159265-2.6-1.40.20 (TeX Live 2019/Debian) (preloaded format=pdflatex 2023.8.5)  7 AUG 2023 18:04
entering extended mode
 restricted \write18 enabled.
 %&-line parsing enabled.
**"sona nimi.tex"
(./sona nimi.tex
LaTeX2e <2020-02-02> patch level 2
L3 programming layer <2020-02-14>
(/usr/share/texlive/texmf-dist/tex/latex/base/book.cls
Document Class: book 2019/12/20 v1.4l Standard LaTeX document class
(/usr/share/texlive/texmf-dist/tex/latex/base/bk11.clo
File: bk11.clo 2019/12/20 v1.4l Standard LaTeX file (size option)
)
\c@part=\count167
\c@chapter=\count168
\c@section=\count169
\c@subsection=\count170
\c@subsubsection=\count171
\c@paragraph=\count172
\c@subparagraph=\count173
\c@figure=\count174
\c@table=\count175
\abovecaptionskip=\skip47
\belowcaptionskip=\skip48
\bibindent=\dimen134
)
(/usr/share/texlive/texmf-dist/tex/latex/base/fontenc.sty
Package: fontenc 2020/02/11 v2.0o Standard LaTeX package
)
(/usr/share/texlive/texmf-dist/tex/latex/base/inputenc.sty
Package: inputenc 2018/08/11 v1.3c Input encoding file
\inpenc@prehook=\toks14
\inpenc@posthook=\toks15
)
(/usr/share/texmf/tex/latex/lm/lmodern.sty
Package: lmodern 2009/10/30 v1.6 Latin Modern Fonts
LaTeX Font Info:    Overwriting symbol font `operators' in version `normal'
(Font)                  OT1/cmr/m/n --> OT1/lmr/m/n on input line 22.
LaTeX Font Info:    Overwriting symbol font `letters' in version `normal'
(Font)                  OML/cmm/m/it --> OML/lmm/m/it on input line 23.
LaTeX Font Info:    Overwriting symbol font `symbols' in version `normal'
(Font)                  OMS/cmsy/m/n --> OMS/lmsy/m/n on input line 24.
LaTeX Font Info:    Overwriting symbol font `largesymbols' in version `normal'
(Font)                  OMX/cmex/m/n --> OMX/lmex/m/n on input line 25.
LaTeX Font Info:    Overwriting symbol font `operators' in version `bold'
(Font)                  OT1/cmr/bx/n --> OT1/lmr/bx/n on input line 26.
LaTeX Font Info:    Overwriting symbol font `letters' in version `bold'
(Font)                  OML/cmm/b/it --> OML/lmm/b/it on input line 27.
LaTeX Font Info:    Overwriting symbol font `symbols' in version `bold'
(Font)                  OMS/cmsy/b/n --> OMS/lmsy/b/n on input line 28.
LaTeX Font Info:    Overwriting symbol font `largesymbols' in version `bold'
(Font)                  OMX/cmex/m/n --> OMX/lmex/m/n on input line 29.
LaTeX Font Info:    Overwriting math alphabet `\mathbf' in version `normal'
(Font)                  OT1/cmr/bx/n --> OT1/lmr/bx/n on input line 31.
LaTeX Font Info:    Overwriting math alphabet `\mathsf' in version `normal'
(Font)                  OT1/cmss/m/n --> OT1/lmss/m/n on input line 32.
LaTeX Font Info:    Overwriting math alphabet `\mathit' in version `normal'
(Font)                  OT1/cmr/m/it --> OT1/lmr/m/it on input line 33.
LaTeX Font Info:    Overwriting math alphabet `\mathtt' in version `normal'
(Font)                  OT1/cmtt/m/n --> OT1/lmtt/m/n on input line 34.
LaTeX Font Info:    Overwriting math alphabet `\mathbf' in version `bold'
(Font)                  OT1/cmr/bx/n --> OT1/lmr/bx/n on input line 35.
LaTeX Font Info:    Overwriting math alphabet `\mathsf' in version `bold'
(Font)                  OT1/cmss/bx/n --> OT1/lmss/bx/n on input line 36.
LaTeX Font Info:    Overwriting math alphabet `\mathit' in version `bold'
(Font)                  OT1/cmr/bx/it --> OT1/lmr/bx/it on input line 37.
LaTeX Font Info:    Overwriting math alphabet `\mathtt' in version `bold'
(Font)                  OT1/cmtt/m/n --> OT1/lmtt/m/n on input line 38.
)
(/usr/share/texlive/texmf-dist/tex/latex/l3backend/l3backend-pdfmode.def
File: l3backend-pdfmode.def 2020-02-03 L3 backend support: PDF mode
\l__kernel_color_stack_int=\count176
\l__pdf_internal_box=\box45
)
(./sona nimi.aux)
\openout1 = `"sona nimi.aux"'.

LaTeX Font Info:    Checking defaults for OML/cmm/m/it on input line 36.
LaTeX Font Info:    ... okay on input line 36.
LaTeX Font Info:    Checking defaults for OMS/cmsy/m/n on input line 36.
LaTeX Font Info:    ... okay on input line 36.
LaTeX Font Info:    Checking defaults for OT1/cmr/m/n on input line 36.
LaTeX Font Info:    ... okay on input line 36.
LaTeX Font Info:    Checking defaults for T1/cmr/m/n on input line 36.
LaTeX Font Info:    ... okay on input line 36.
LaTeX Font Info:    Checking defaults for TS1/cmr/m/n on input line 36.
LaTeX Font Info:    ... okay on input line 36.
LaTeX Font Info:    Checking defaults for OMX/cmex/m/n on input line 36.
LaTeX Font Info:    ... okay on input line 36.
LaTeX Font Info:    Checking defaults for U/cmr/m/n on input line 36.
LaTeX Font Info:    ... okay on input line 36.
LaTeX Font Info:    Trying to load font information for T1+lmr on input line 36
.
 (/usr/share/texmf/tex/latex/lm/t1lmr.fd
File: t1lmr.fd 2009/10/30 v1.6 Font defs for Latin Modern
)
LaTeX Font Info:    Trying to load font information for OT1+lmr on input line 3
8.

(/usr/share/texmf/tex/latex/lm/ot1lmr.fd
File: ot1lmr.fd 2009/10/30 v1.6 Font defs for Latin Modern
)
LaTeX Font Info:    Trying to load font information for OML+lmm on input line 3
8.

(/usr/share/texmf/tex/latex/lm/omllmm.fd
File: omllmm.fd 2009/10/30 v1.6 Font defs for Latin Modern
)
LaTeX Font Info:    Trying to load font information for OMS+lmsy on input line 
38.

(/usr/share/texmf/tex/latex/lm/omslmsy.fd
File: omslmsy.fd 2009/10/30 v1.6 Font defs for Latin Modern
)
LaTeX Font Info:    Trying to load font information for OMX+lmex on input line 
38.

(/usr/share/texmf/tex/latex/lm/omxlmex.fd
File: omxlmex.fd 2009/10/30 v1.6 Font defs for Latin Modern
)
LaTeX Font Info:    External font `lmex10' loaded for size
(Font)              <12> on input line 38.
LaTeX Font Info:    External font `lmex10' loaded for size
(Font)              <8> on input line 38.
LaTeX Font Info:    External font `lmex10' loaded for size
(Font)              <6> on input line 38.
 [1


{/var/lib/texmf/fonts/map/pdftex/updmap/pdftex.map}] [2

] (./sona nimi.toc)
\tf@toc=\write3
\openout3 = `"sona nimi.toc"'.

 [3] [4

]
Chapter 1.
LaTeX Font Info:    External font `lmex10' loaded for size
(Font)              <10.95> on input line 49.

Overfull \hbox (52.98782pt too wide) in paragraph at lines 45--50
[]\T1/lmr/bx/n/10.95 nimi lon toki:  $[]$
 []


Underfull \hbox (badness 10000) in paragraph at lines 45--50

 []


Underfull \hbox (badness 10000) in paragraph at lines 43--51

 []


Overfull \hbox (52.98782pt too wide) in paragraph at lines 54--59
[]\T1/lmr/bx/n/10.95 nimi lon toki:  $[]$
 []


Underfull \hbox (badness 10000) in paragraph at lines 54--59

 []


Overfull \hbox (17.0pt too wide) in paragraph at lines 52--60
[]$[]$
 []


Underfull \hbox (badness 10000) in paragraph at lines 52--60

 []


Overfull \hbox (52.98782pt too wide) in paragraph at lines 63--68
[]\T1/lmr/bx/n/10.95 nimi lon toki:  $[]$
 []


Underfull \hbox (badness 10000) in paragraph at lines 63--68

 []


Overfull \hbox (17.0pt too wide) in paragraph at lines 61--69
[]$[]$
 []


Underfull \hbox (badness 10000) in paragraph at lines 61--69

 []


Overfull \hbox (52.98782pt too wide) in paragraph at lines 74--79
[]\T1/lmr/bx/n/10.95 nimi lon toki:  $[]$
 []


Underfull \hbox (badness 10000) in paragraph at lines 74--79

 []


Overfull \hbox (17.0pt too wide) in paragraph at lines 72--80
[]$[]$
 []


Underfull \hbox (badness 10000) in paragraph at lines 72--80

 []


Overfull \hbox (52.98782pt too wide) in paragraph at lines 83--88
[]\T1/lmr/bx/n/10.95 nimi lon toki:  $[]$
 []


Underfull \hbox (badness 10000) in paragraph at lines 83--88

 []


Overfull \hbox (17.0pt too wide) in paragraph at lines 81--89
[]$[]$
 []


Underfull \hbox (badness 10000) in paragraph at lines 81--89

 []


Underfull \vbox (badness 10000) has occurred while \output is active []

 [5]
Overfull \hbox (17.0pt too wide) in paragraph at lines 90--93
[]$[]$
 []


Underfull \hbox (badness 10000) in paragraph at lines 90--93

 []


Overfull \hbox (52.98782pt too wide) in paragraph at lines 96--101
[]\T1/lmr/bx/n/10.95 nimi lon toki:  $[]$
 []


Underfull \hbox (badness 10000) in paragraph at lines 96--101

 []


Overfull \hbox (17.0pt too wide) in paragraph at lines 94--102
[]$[]$
 []


Underfull \hbox (badness 10000) in paragraph at lines 94--102

 []


Overfull \hbox (52.98782pt too wide) in paragraph at lines 105--110
[]\T1/lmr/bx/n/10.95 nimi lon toki:  $[]$
 []


Underfull \hbox (badness 10000) in paragraph at lines 105--110

 []


Overfull \hbox (17.0pt too wide) in paragraph at lines 103--111
[]$[]$
 []


Underfull \hbox (badness 10000) in paragraph at lines 103--111

 []


Overfull \hbox (52.98782pt too wide) in paragraph at lines 116--121
[]\T1/lmr/bx/n/10.95 nimi lon toki:  $[]$
 []


Underfull \hbox (badness 10000) in paragraph at lines 116--121

 []


Overfull \hbox (17.0pt too wide) in paragraph at lines 114--122
[]$[]$
 []


Underfull \hbox (badness 10000) in paragraph at lines 114--122

 []


Overfull \hbox (52.98782pt too wide) in paragraph at lines 125--130
[]\T1/lmr/bx/n/10.95 nimi lon toki:  $[]$
 []


Underfull \hbox (badness 10000) in paragraph at lines 125--130

 []


Overfull \hbox (17.0pt too wide) in paragraph at lines 123--131
[]$[]$
 []


Underfull \hbox (badness 10000) in paragraph at lines 123--131

 []


Underfull \vbox (badness 10000) has occurred while \output is active []

 [6]
Overfull \hbox (52.98782pt too wide) in paragraph at lines 134--139
[]\T1/lmr/bx/n/10.95 nimi lon toki:  $[]$
 []


Underfull \hbox (badness 10000) in paragraph at lines 134--139

 []


Overfull \hbox (17.0pt too wide) in paragraph at lines 132--140
[]$[]$
 []


Underfull \hbox (badness 10000) in paragraph at lines 132--140

 []


Overfull \hbox (52.98782pt too wide) in paragraph at lines 143--148
[]\T1/lmr/bx/n/10.95 nimi lon toki:  $[]$
 []


Underfull \hbox (badness 10000) in paragraph at lines 143--148

 []


Overfull \hbox (17.0pt too wide) in paragraph at lines 141--149
[]$[]$
 []


Underfull \hbox (badness 10000) in paragraph at lines 141--149

 []


Overfull \hbox (52.98782pt too wide) in paragraph at lines 154--159
[]\T1/lmr/bx/n/10.95 nimi lon toki:  $[]$
 []


Underfull \hbox (badness 10000) in paragraph at lines 154--159

 []


Overfull \hbox (17.0pt too wide) in paragraph at lines 152--160
[]$[]$
 []


Underfull \hbox (badness 10000) in paragraph at lines 152--160

 []


Overfull \hbox (52.98782pt too wide) in paragraph at lines 163--168
[]\T1/lmr/bx/n/10.95 nimi lon toki:  $[]$
 []


Underfull \hbox (badness 10000) in paragraph at lines 163--168

 []


Overfull \hbox (17.0pt too wide) in paragraph at lines 161--169
[]$[]$
 []


Underfull \hbox (badness 10000) in paragraph at lines 161--169

 []


Underfull \vbox (badness 10000) has occurred while \output is active []

 [7]
Overfull \hbox (52.98782pt too wide) in paragraph at lines 172--177
[]\T1/lmr/bx/n/10.95 nimi lon toki:  $[]$
 []


Underfull \hbox (badness 10000) in paragraph at lines 172--177

 []


Overfull \hbox (17.0pt too wide) in paragraph at lines 170--178
[]$[]$
 []


Underfull \hbox (badness 10000) in paragraph at lines 170--178

 []


Overfull \hbox (52.98782pt too wide) in paragraph at lines 181--186
[]\T1/lmr/bx/n/10.95 nimi lon toki:  $[]$
 []


Underfull \hbox (badness 10000) in paragraph at lines 181--186

 []


Overfull \hbox (17.0pt too wide) in paragraph at lines 179--187
[]$[]$
 []


Underfull \hbox (badness 10000) in paragraph at lines 179--187

 []


Overfull \hbox (52.98782pt too wide) in paragraph at lines 192--197
[]\T1/lmr/bx/n/10.95 nimi lon toki:  $[]$
 []


Underfull \hbox (badness 10000) in paragraph at lines 192--197

 []


Overfull \hbox (17.0pt too wide) in paragraph at lines 190--198
[]$[]$
 []


Underfull \hbox (badness 10000) in paragraph at lines 190--198

 []


Overfull \hbox (52.98782pt too wide) in paragraph at lines 201--206
[]\T1/lmr/bx/n/10.95 nimi lon toki:  $[]$
 []


Underfull \hbox (badness 10000) in paragraph at lines 201--206

 []


Overfull \hbox (17.0pt too wide) in paragraph at lines 199--207
[]$[]$
 []


Underfull \hbox (badness 10000) in paragraph at lines 199--207

 []


Overfull \hbox (52.98782pt too wide) in paragraph at lines 210--215
[]\T1/lmr/bx/n/10.95 nimi lon toki:  $[]$
 []


Underfull \hbox (badness 10000) in paragraph at lines 210--215

 []


Overfull \hbox (17.0pt too wide) in paragraph at lines 208--216
[]$[]$
 []


Underfull \hbox (badness 10000) in paragraph at lines 208--216

 []

[8]
Overfull \hbox (52.98782pt too wide) in paragraph at lines 221--226
[]\T1/lmr/bx/n/10.95 nimi lon toki:  $[]$
 []


Underfull \hbox (badness 10000) in paragraph at lines 221--226

 []


Overfull \hbox (17.0pt too wide) in paragraph at lines 219--227
[]$[]$
 []


Underfull \hbox (badness 10000) in paragraph at lines 219--227

 []


Overfull \hbox (52.98782pt too wide) in paragraph at lines 230--235
[]\T1/lmr/bx/n/10.95 nimi lon toki:  $[]$
 []


Underfull \hbox (badness 10000) in paragraph at lines 230--235

 []


Overfull \hbox (17.0pt too wide) in paragraph at lines 228--236
[]$[]$
 []


Underfull \hbox (badness 10000) in paragraph at lines 228--236

 []

[9] (./sona nimi.aux) ) 
Here is how much of TeX's memory you used:
 780 strings out of 483183
 11442 string characters out of 5966293
 238602 words of memory out of 5000000
 15828 multiletter control sequences out of 15000+600000
 590882 words of font info for 52 fonts, out of 8000000 for 9000
 14 hyphenation exceptions out of 8191
 23i,6n,24p,585b,273s stack positions out of 5000i,500n,10000p,200000b,80000s
{/usr/share/texmf/fonts/enc/dvips/lm/lm-ec.enc}</usr/sha
re/texmf/fonts/type1/public/lm/lmbx10.pfb></usr/share/texmf/fonts/type1/public/
lm/lmbx12.pfb></usr/share/texmf/fonts/type1/public/lm/lmbxi10.pfb></usr/share/t
exmf/fonts/type1/public/lm/lmr10.pfb></usr/share/texmf/fonts/type1/public/lm/lm
r12.pfb></usr/share/texmf/fonts/type1/public/lm/lmr17.pfb></usr/share/texmf/fon
ts/type1/public/lm/lmri10.pfb></usr/share/texmf/fonts/type1/public/lm/lmri12.pf
b></usr/share/texmf/fonts/type1/public/lm/lmro10.pfb>
Output written on "sona nimi.pdf" (9 pages, 200449 bytes).
PDF statistics:
 71 PDF objects out of 1000 (max. 8388607)
 50 compressed objects within 1 object stream
 0 named destinations out of 1000 (max. 500000)
 1 words of extra memory for PDF output out of 10000 (max. 10000000)

